[32m01:04:25 (856182) INFO ProjectReader[39m Found 10 of 152 file(s) to be mutated.
[32m01:04:26 (856182) INFO Instrumenter[39m Instrumented 10 source file(s) with 298 mutant(s)
[32m01:04:26 (856182) INFO ConcurrencyTokenProvider[39m Creating 1 test runner process(es).
[32m01:04:27 (856182) INFO BroadcastReporter[39m Detected that current console does not support the "progress" reporter, downgrading to "progress-append-only" reporter
[32m01:04:28 (856182) INFO DryRunExecutor[39m Starting initial test run (jest test runner with "off" coverage analysis). This may take a while.
[32m01:04:34 (856182) INFO DryRunExecutor[39m Initial test run succeeded. Ran 110 tests in 6 seconds (net 1689 ms, overhead 4746 ms).
Mutation testing 1% (elapsed: <1m, remaining: ~16m) 3/295 tested (0 survived, 0 timed out)
Mutation testing 2% (elapsed: <1m, remaining: ~16m) 6/295 tested (0 survived, 0 timed out)
Mutation testing 3% (elapsed: <1m, remaining: ~15m) 9/295 tested (0 survived, 0 timed out)
Mutation testing 4% (elapsed: <1m, remaining: ~15m) 12/295 tested (0 survived, 0 timed out)
Mutation testing 5% (elapsed: <1m, remaining: ~14m) 16/295 tested (0 survived, 0 timed out)
Mutation testing 6% (elapsed: ~1m, remaining: ~14m) 19/295 tested (0 survived, 0 timed out)
Mutation testing 7% (elapsed: ~1m, remaining: ~14m) 22/295 tested (0 survived, 0 timed out)
Mutation testing 8% (elapsed: ~1m, remaining: ~14m) 25/295 tested (0 survived, 0 timed out)
Mutation testing 9% (elapsed: ~1m, remaining: ~14m) 27/295 tested (0 survived, 0 timed out)
Mutation testing 9% (elapsed: ~1m, remaining: ~15m) 29/295 tested (0 survived, 0 timed out)
Mutation testing 10% (elapsed: ~1m, remaining: ~15m) 31/295 tested (0 survived, 0 timed out)
Mutation testing 11% (elapsed: ~2m, remaining: ~15m) 33/295 tested (0 survived, 0 timed out)
Mutation testing 12% (elapsed: ~2m, remaining: ~15m) 37/295 tested (0 survived, 0 timed out)
Mutation testing 13% (elapsed: ~2m, remaining: ~14m) 40/295 tested (0 survived, 0 timed out)
Mutation testing 14% (elapsed: ~2m, remaining: ~15m) 42/295 tested (0 survived, 0 timed out)
Mutation testing 14% (elapsed: ~2m, remaining: ~15m) 44/295 tested (0 survived, 0 timed out)
Mutation testing 15% (elapsed: ~2m, remaining: ~15m) 46/295 tested (0 survived, 0 timed out)
Mutation testing 16% (elapsed: ~3m, remaining: ~15m) 48/295 tested (0 survived, 0 timed out)
Mutation testing 16% (elapsed: ~3m, remaining: ~15m) 50/295 tested (0 survived, 0 timed out)
Mutation testing 17% (elapsed: ~3m, remaining: ~15m) 52/295 tested (0 survived, 0 timed out)
Mutation testing 18% (elapsed: ~3m, remaining: ~15m) 54/295 tested (0 survived, 0 timed out)
Mutation testing 18% (elapsed: ~3m, remaining: ~15m) 56/295 tested (0 survived, 0 timed out)
Mutation testing 19% (elapsed: ~3m, remaining: ~15m) 58/295 tested (0 survived, 0 timed out)
Mutation testing 20% (elapsed: ~4m, remaining: ~15m) 60/295 tested (0 survived, 0 timed out)
Mutation testing 21% (elapsed: ~4m, remaining: ~15m) 62/295 tested (0 survived, 0 timed out)
Mutation testing 21% (elapsed: ~4m, remaining: ~15m) 64/295 tested (0 survived, 0 timed out)
Mutation testing 22% (elapsed: ~4m, remaining: ~15m) 66/295 tested (0 survived, 0 timed out)
Mutation testing 23% (elapsed: ~4m, remaining: ~15m) 68/295 tested (0 survived, 0 timed out)
Mutation testing 23% (elapsed: ~4m, remaining: ~16m) 68/295 tested (0 survived, 0 timed out)
Mutation testing 23% (elapsed: ~5m, remaining: ~16m) 68/295 tested (0 survived, 0 timed out)
Mutation testing 23% (elapsed: ~5m, remaining: ~17m) 68/295 tested (0 survived, 0 timed out)
Mutation testing 23% (elapsed: ~5m, remaining: ~17m) 68/295 tested (0 survived, 0 timed out)
Mutation testing 24% (elapsed: ~5m, remaining: ~17m) 71/295 tested (0 survived, 1 timed out)
Mutation testing 24% (elapsed: ~5m, remaining: ~17m) 73/295 tested (0 survived, 1 timed out)
Mutation testing 24% (elapsed: ~5m, remaining: ~17m) 73/295 tested (0 survived, 1 timed out)
Mutation testing 24% (elapsed: ~6m, remaining: ~18m) 73/295 tested (0 survived, 1 timed out)
Mutation testing 24% (elapsed: ~6m, remaining: ~18m) 73/295 tested (0 survived, 1 timed out)
Mutation testing 25% (elapsed: ~6m, remaining: ~18m) 74/295 tested (0 survived, 2 timed out)
Mutation testing 26% (elapsed: ~6m, remaining: ~18m) 78/295 tested (0 survived, 2 timed out)
Mutation testing 26% (elapsed: ~6m, remaining: ~18m) 79/295 tested (0 survived, 2 timed out)
Mutation testing 26% (elapsed: ~6m, remaining: ~18m) 79/295 tested (0 survived, 2 timed out)
Mutation testing 26% (elapsed: ~7m, remaining: ~19m) 79/295 tested (0 survived, 2 timed out)
Mutation testing 26% (elapsed: ~7m, remaining: ~19m) 79/295 tested (0 survived, 2 timed out)
Mutation testing 27% (elapsed: ~7m, remaining: ~19m) 81/295 tested (0 survived, 3 timed out)
Mutation testing 28% (elapsed: ~7m, remaining: ~18m) 84/295 tested (0 survived, 3 timed out)
Mutation testing 28% (elapsed: ~7m, remaining: ~18m) 85/295 tested (0 survived, 3 timed out)
Mutation testing 28% (elapsed: ~7m, remaining: ~19m) 85/295 tested (0 survived, 3 timed out)
Mutation testing 28% (elapsed: ~8m, remaining: ~19m) 85/295 tested (0 survived, 3 timed out)
Mutation testing 28% (elapsed: ~8m, remaining: ~20m) 85/295 tested (0 survived, 3 timed out)
Mutation testing 29% (elapsed: ~8m, remaining: ~19m) 87/295 tested (0 survived, 4 timed out)
Mutation testing 30% (elapsed: ~8m, remaining: ~19m) 90/295 tested (0 survived, 4 timed out)
Mutation testing 31% (elapsed: ~8m, remaining: ~18m) 93/295 tested (0 survived, 4 timed out)
Mutation testing 32% (elapsed: ~8m, remaining: ~18m) 96/295 tested (0 survived, 4 timed out)
Mutation testing 33% (elapsed: ~9m, remaining: ~17m) 99/295 tested (0 survived, 4 timed out)
Mutation testing 33% (elapsed: ~9m, remaining: ~18m) 99/295 tested (0 survived, 4 timed out)
Mutation testing 33% (elapsed: ~9m, remaining: ~18m) 99/295 tested (0 survived, 4 timed out)
Mutation testing 33% (elapsed: ~9m, remaining: ~18m) 99/295 tested (0 survived, 4 timed out)
Mutation testing 33% (elapsed: ~9m, remaining: ~19m) 99/295 tested (0 survived, 4 timed out)
Mutation testing 33% (elapsed: ~9m, remaining: ~19m) 100/295 tested (0 survived, 5 timed out)
Mutation testing 33% (elapsed: ~10m, remaining: ~19m) 100/295 tested (0 survived, 5 timed out)
Mutation testing 33% (elapsed: ~10m, remaining: ~19m) 100/295 tested (0 survived, 5 timed out)
Mutation testing 33% (elapsed: ~10m, remaining: ~20m) 100/295 tested (0 survived, 5 timed out)
Mutation testing 34% (elapsed: ~10m, remaining: ~20m) 101/295 tested (0 survived, 6 timed out)
Mutation testing 34% (elapsed: ~10m, remaining: ~20m) 101/295 tested (0 survived, 6 timed out)
Mutation testing 34% (elapsed: ~10m, remaining: ~20m) 101/295 tested (0 survived, 6 timed out)
Mutation testing 34% (elapsed: ~11m, remaining: ~21m) 101/295 tested (0 survived, 6 timed out)
Mutation testing 34% (elapsed: ~11m, remaining: ~21m) 102/295 tested (0 survived, 7 timed out)
Mutation testing 34% (elapsed: ~11m, remaining: ~21m) 102/295 tested (0 survived, 7 timed out)
Mutation testing 34% (elapsed: ~11m, remaining: ~21m) 102/295 tested (0 survived, 7 timed out)
Mutation testing 34% (elapsed: ~11m, remaining: ~22m) 102/295 tested (0 survived, 7 timed out)
Mutation testing 34% (elapsed: ~11m, remaining: ~22m) 102/295 tested (0 survived, 7 timed out)
Mutation testing 35% (elapsed: ~12m, remaining: ~21m) 105/295 tested (0 survived, 8 timed out)
Mutation testing 36% (elapsed: ~12m, remaining: ~20m) 109/295 tested (0 survived, 8 timed out)
Mutation testing 37% (elapsed: ~12m, remaining: ~20m) 111/295 tested (0 survived, 8 timed out)
Mutation testing 37% (elapsed: ~12m, remaining: ~20m) 111/295 tested (0 survived, 8 timed out)
Mutation testing 37% (elapsed: ~12m, remaining: ~20m) 111/295 tested (0 survived, 8 timed out)
Mutation testing 37% (elapsed: ~12m, remaining: ~21m) 111/295 tested (0 survived, 8 timed out)
Mutation testing 37% (elapsed: ~13m, remaining: ~21m) 112/295 tested (0 survived, 9 timed out)
Mutation testing 38% (elapsed: ~13m, remaining: ~20m) 115/295 tested (0 survived, 9 timed out)
Mutation testing 39% (elapsed: ~13m, remaining: ~20m) 117/295 tested (0 survived, 9 timed out)
Mutation testing 39% (elapsed: ~13m, remaining: ~20m) 117/295 tested (0 survived, 9 timed out)
Mutation testing 39% (elapsed: ~13m, remaining: ~20m) 117/295 tested (0 survived, 9 timed out)
Mutation testing 39% (elapsed: ~13m, remaining: ~21m) 117/295 tested (0 survived, 9 timed out)
Mutation testing 40% (elapsed: ~14m, remaining: ~21m) 118/295 tested (0 survived, 10 timed out)
Mutation testing 41% (elapsed: ~14m, remaining: ~20m) 122/295 tested (0 survived, 10 timed out)
Mutation testing 42% (elapsed: ~14m, remaining: ~19m) 125/295 tested (0 survived, 10 timed out)
Mutation testing 43% (elapsed: ~14m, remaining: ~18m) 128/295 tested (0 survived, 10 timed out)
Mutation testing 44% (elapsed: ~14m, remaining: ~18m) 132/295 tested (0 survived, 10 timed out)
Mutation testing 45% (elapsed: ~14m, remaining: ~17m) 135/295 tested (0 survived, 10 timed out)
Mutation testing 46% (elapsed: ~15m, remaining: ~17m) 138/295 tested (0 survived, 10 timed out)
Mutation testing 47% (elapsed: ~15m, remaining: ~17m) 139/295 tested (0 survived, 10 timed out)
Mutation testing 47% (elapsed: ~15m, remaining: ~17m) 139/295 tested (0 survived, 10 timed out)
Mutation testing 47% (elapsed: ~15m, remaining: ~17m) 139/295 tested (0 survived, 10 timed out)
Mutation testing 47% (elapsed: ~15m, remaining: ~17m) 139/295 tested (0 survived, 10 timed out)
Mutation testing 47% (elapsed: ~15m, remaining: ~17m) 140/295 tested (0 survived, 11 timed out)
Mutation testing 47% (elapsed: ~16m, remaining: ~17m) 140/295 tested (0 survived, 11 timed out)
Mutation testing 47% (elapsed: ~16m, remaining: ~17m) 140/295 tested (0 survived, 11 timed out)
Mutation testing 47% (elapsed: ~16m, remaining: ~18m) 140/295 tested (0 survived, 11 timed out)
Mutation testing 47% (elapsed: ~16m, remaining: ~18m) 141/295 tested (0 survived, 12 timed out)
Mutation testing 48% (elapsed: ~16m, remaining: ~17m) 143/295 tested (0 survived, 12 timed out)
Mutation testing 48% (elapsed: ~16m, remaining: ~17m) 143/295 tested (0 survived, 12 timed out)
Mutation testing 48% (elapsed: ~17m, remaining: ~18m) 143/295 tested (0 survived, 12 timed out)
Mutation testing 48% (elapsed: ~17m, remaining: ~18m) 143/295 tested (0 survived, 12 timed out)
Mutation testing 48% (elapsed: ~17m, remaining: ~18m) 144/295 tested (0 survived, 13 timed out)
Mutation testing 48% (elapsed: ~17m, remaining: ~18m) 144/295 tested (0 survived, 13 timed out)
Mutation testing 48% (elapsed: ~17m, remaining: ~18m) 144/295 tested (0 survived, 13 timed out)
Mutation testing 48% (elapsed: ~17m, remaining: ~18m) 144/295 tested (0 survived, 13 timed out)
Mutation testing 48% (elapsed: ~18m, remaining: ~18m) 144/295 tested (0 survived, 13 timed out)
Mutation testing 49% (elapsed: ~18m, remaining: ~18m) 147/295 tested (0 survived, 14 timed out)
Mutation testing 50% (elapsed: ~18m, remaining: ~17m) 150/295 tested (0 survived, 14 timed out)
Mutation testing 51% (elapsed: ~18m, remaining: ~17m) 153/295 tested (0 survived, 14 timed out)
Mutation testing 52% (elapsed: ~18m, remaining: ~16m) 156/295 tested (0 survived, 14 timed out)
Mutation testing 53% (elapsed: ~18m, remaining: ~16m) 159/295 tested (0 survived, 14 timed out)
Mutation testing 54% (elapsed: ~19m, remaining: ~15m) 162/295 tested (0 survived, 14 timed out)
Mutation testing 55% (elapsed: ~19m, remaining: ~15m) 164/295 tested (0 survived, 14 timed out)
Mutation testing 56% (elapsed: ~19m, remaining: ~14m) 167/295 tested (0 survived, 14 timed out)
Mutation testing 57% (elapsed: ~19m, remaining: ~14m) 170/295 tested (0 survived, 14 timed out)
Mutation testing 58% (elapsed: ~19m, remaining: ~13m) 173/295 tested (0 survived, 14 timed out)
Mutation testing 59% (elapsed: ~19m, remaining: ~13m) 176/295 tested (0 survived, 14 timed out)
Mutation testing 60% (elapsed: ~20m, remaining: ~12m) 179/295 tested (0 survived, 14 timed out)
Mutation testing 60% (elapsed: ~20m, remaining: ~13m) 179/295 tested (0 survived, 14 timed out)
Mutation testing 60% (elapsed: ~20m, remaining: ~13m) 179/295 tested (0 survived, 14 timed out)
Mutation testing 60% (elapsed: ~20m, remaining: ~13m) 179/295 tested (0 survived, 14 timed out)
Mutation testing 60% (elapsed: ~20m, remaining: ~13m) 179/295 tested (0 survived, 14 timed out)
Mutation testing 61% (elapsed: ~20m, remaining: ~12m) 182/295 tested (0 survived, 15 timed out)
Mutation testing 62% (elapsed: ~21m, remaining: ~12m) 185/295 tested (0 survived, 15 timed out)
Mutation testing 63% (elapsed: ~21m, remaining: ~12m) 188/295 tested (0 survived, 15 timed out)
Mutation testing 64% (elapsed: ~21m, remaining: ~11m) 191/295 tested (0 survived, 15 timed out)
Mutation testing 65% (elapsed: ~21m, remaining: ~11m) 194/295 tested (0 survived, 15 timed out)
Mutation testing 66% (elapsed: ~21m, remaining: ~10m) 197/295 tested (0 survived, 15 timed out)
Mutation testing 68% (elapsed: ~21m, remaining: ~10m) 201/295 tested (0 survived, 15 timed out)
Mutation testing 68% (elapsed: ~22m, remaining: ~9m) 203/295 tested (0 survived, 15 timed out)
Mutation testing 68% (elapsed: ~22m, remaining: ~10m) 203/295 tested (0 survived, 15 timed out)
Mutation testing 68% (elapsed: ~22m, remaining: ~10m) 203/295 tested (0 survived, 15 timed out)
Mutation testing 68% (elapsed: ~22m, remaining: ~10m) 203/295 tested (0 survived, 15 timed out)
[33m01:27:10 (856182) WARN ChildProcessProxy[39m Child process [pid 881118] ran out of memory. Stdout and stderr are logged on debug level.
Mutation testing 69% (elapsed: ~22m, remaining: ~9m) 205/295 tested (0 survived, 16 timed out)
Mutation testing 70% (elapsed: ~22m, remaining: ~9m) 207/295 tested (0 survived, 16 timed out)
Mutation testing 70% (elapsed: ~23m, remaining: ~9m) 207/295 tested (0 survived, 16 timed out)
Mutation testing 70% (elapsed: ~23m, remaining: ~9m) 207/295 tested (0 survived, 16 timed out)
Mutation testing 70% (elapsed: ~23m, remaining: ~9m) 207/295 tested (0 survived, 16 timed out)
Mutation testing 70% (elapsed: ~23m, remaining: ~9m) 208/295 tested (0 survived, 17 timed out)
Mutation testing 71% (elapsed: ~23m, remaining: ~9m) 210/295 tested (0 survived, 17 timed out)
Mutation testing 71% (elapsed: ~23m, remaining: ~9m) 210/295 tested (0 survived, 17 timed out)
Mutation testing 71% (elapsed: ~24m, remaining: ~9m) 210/295 tested (0 survived, 17 timed out)
Mutation testing 71% (elapsed: ~24m, remaining: ~9m) 210/295 tested (0 survived, 17 timed out)
Mutation testing 71% (elapsed: ~24m, remaining: ~9m) 211/295 tested (0 survived, 18 timed out)
Mutation testing 71% (elapsed: ~24m, remaining: ~9m) 211/295 tested (0 survived, 18 timed out)
Mutation testing 71% (elapsed: ~24m, remaining: ~9m) 211/295 tested (0 survived, 18 timed out)
Mutation testing 71% (elapsed: ~24m, remaining: ~9m) 211/295 tested (0 survived, 18 timed out)
Mutation testing 71% (elapsed: ~25m, remaining: ~9m) 211/295 tested (0 survived, 18 timed out)
Mutation testing 72% (elapsed: ~25m, remaining: ~9m) 213/295 tested (0 survived, 19 timed out)
Mutation testing 72% (elapsed: ~25m, remaining: ~9m) 214/295 tested (0 survived, 19 timed out)
Mutation testing 72% (elapsed: ~25m, remaining: ~9m) 214/295 tested (0 survived, 19 timed out)
Mutation testing 72% (elapsed: ~25m, remaining: ~9m) 214/295 tested (0 survived, 19 timed out)
Mutation testing 73% (elapsed: ~25m, remaining: ~9m) 216/295 tested (0 survived, 19 timed out)
Mutation testing 73% (elapsed: ~26m, remaining: ~9m) 216/295 tested (0 survived, 19 timed out)
Mutation testing 73% (elapsed: ~26m, remaining: ~9m) 216/295 tested (0 survived, 19 timed out)
Mutation testing 73% (elapsed: ~26m, remaining: ~9m) 216/295 tested (0 survived, 19 timed out)
Mutation testing 73% (elapsed: ~26m, remaining: ~9m) 217/295 tested (0 survived, 20 timed out)
Mutation testing 74% (elapsed: ~26m, remaining: ~9m) 219/295 tested (0 survived, 20 timed out)
Mutation testing 75% (elapsed: ~26m, remaining: ~8m) 222/295 tested (0 survived, 20 timed out)
Mutation testing 76% (elapsed: ~27m, remaining: ~8m) 226/295 tested (0 survived, 20 timed out)
Mutation testing 77% (elapsed: ~27m, remaining: ~7m) 229/295 tested (0 survived, 20 timed out)
Mutation testing 78% (elapsed: ~27m, remaining: ~7m) 232/295 tested (0 survived, 20 timed out)
Mutation testing 79% (elapsed: ~27m, remaining: ~7m) 235/295 tested (0 survived, 20 timed out)
Mutation testing 80% (elapsed: ~27m, remaining: ~6m) 238/295 tested (0 survived, 20 timed out)
Mutation testing 81% (elapsed: ~27m, remaining: ~6m) 241/295 tested (0 survived, 20 timed out)
Mutation testing 82% (elapsed: ~28m, remaining: ~5m) 244/295 tested (0 survived, 20 timed out)
Mutation testing 83% (elapsed: ~28m, remaining: ~5m) 247/295 tested (0 survived, 20 timed out)
Mutation testing 85% (elapsed: ~28m, remaining: ~4m) 251/295 tested (0 survived, 20 timed out)
Mutation testing 86% (elapsed: ~28m, remaining: ~4m) 254/295 tested (0 survived, 20 timed out)
Mutation testing 87% (elapsed: ~28m, remaining: ~4m) 257/295 tested (0 survived, 20 timed out)
Mutation testing 88% (elapsed: ~28m, remaining: ~3m) 260/295 tested (0 survived, 20 timed out)
Mutation testing 89% (elapsed: ~29m, remaining: ~3m) 263/295 tested (0 survived, 20 timed out)
Mutation testing 90% (elapsed: ~29m, remaining: ~3m) 266/295 tested (0 survived, 20 timed out)
Mutation testing 91% (elapsed: ~29m, remaining: ~2m) 269/295 tested (0 survived, 20 timed out)
Mutation testing 92% (elapsed: ~29m, remaining: ~2m) 274/295 tested (0 survived, 20 timed out)
Mutation testing 94% (elapsed: ~29m, remaining: ~1m) 279/295 tested (0 survived, 20 timed out)
Mutation testing 95% (elapsed: ~29m, remaining: ~1m) 281/295 tested (0 survived, 20 timed out)
Mutation testing 95% (elapsed: ~30m, remaining: ~1m) 281/295 tested (0 survived, 20 timed out)
Mutation testing 95% (elapsed: ~30m, remaining: ~1m) 281/295 tested (0 survived, 20 timed out)
Mutation testing 95% (elapsed: ~30m, remaining: ~1m) 281/295 tested (0 survived, 20 timed out)
Mutation testing 95% (elapsed: ~30m, remaining: ~1m) 283/295 tested (0 survived, 21 timed out)
Mutation testing 97% (elapsed: ~30m, remaining: <1m) 288/295 tested (0 survived, 21 timed out)
Mutation testing 99% (elapsed: ~30m, remaining: <1m) 293/295 tested (0 survived, 21 timed out)

All tests
  test
    api.test.ts
      [91m✘[39m [90mapi helpers and routes getProvidedToken prefers bearer token over x-api-key [line 102][39m (covered 0)
      [91m✘[39m [90mapi helpers and routes getProvidedToken falls back to x-api-key and then empty string [line 115][39m (covered 0)
      [91m✘[39m [90mapi helpers and routes getLimit clamps and floors values [line 130][39m (covered 0)
      [91m✘[39m [90mapi helpers and routes authenticateApi returns 401 for invalid token [line 138][39m (covered 0)
      [91m✘[39m [90mapi helpers and routes authenticateApi returns 503 when auth token is not configured [line 154][39m (covered 0)
      [91m✘[39m [90mapi helpers and routes authenticateApi returns 503 when API_AUTH_TOKEN env is missing [line 166][39m (covered 0)
      [91m✘[39m [90mapi helpers and routes auditApiAccess falls back to API_ADMIN_ID when x-admin-user is absent [line 178][39m (covered 0)
      [91m✘[39m [90mapi helpers and routes auditApiAccess falls back to dashboard-admin when API_ADMIN_ID env is missing [line 194][39m (covered 0)
      [91m✘[39m [90mapi helpers and routes auditApiAccess uses x-admin-user when provided [line 212][39m (covered 0)
      [91m✘[39m [90mapi helpers and routes auditApiAccess swallows logging failures [line 225][39m (covered 0)
      [91m✘[39m [90mapi helpers and routes leaderboard route returns rows for authorized request [line 239][39m (covered 0)
      [91m✘[39m [90mapi helpers and routes game-results route rejects invalid game filter [line 254][39m (covered 0)
      [91m✘[39m [90mapi helpers and routes game-results route uses filtered query for valid game [line 262][39m (covered 0)
      [91m✘[39m [90mapi helpers and routes game-results route uses unfiltered query when game is omitted [line 275][39m (covered 0)
      [91m✘[39m [90mapi helpers and routes game-results route returns 500 on db failure [line 288][39m (covered 0)
      [91m✘[39m [90mapi helpers and routes affiliates route rejects invalid status filter [line 297][39m (covered 0)
      [91m✘[39m [90mapi helpers and routes affiliates route returns filtered rows for valid status [line 305][39m (covered 0)
      [91m✘[39m [90mapi helpers and routes affiliates route uses unfiltered query when status is omitted [line 318][39m (covered 0)
      [91m✘[39m [90mapi helpers and routes affiliates route returns 500 on db failure [line 330][39m (covered 0)
      [91m✘[39m [90mapi helpers and routes codes and audit-log routes return rows with clamped limits [line 339][39m (covered 0)
      [91m✘[39m [90mapi helpers and routes codes and audit-log routes return 500 on db failure [line 365][39m (covered 0)
      [91m✘[39m [90mapi helpers and routes stats route returns summary payload [line 381][39m (covered 0)
      [91m✘[39m [90mapi helpers and routes stats route returns 500 when db query fails [line 395][39m (covered 0)
      [91m✘[39m [90mapi helpers and routes overview route returns analytics payload with timestamp [line 404][39m (covered 0)
      [91m✘[39m [90mapi helpers and routes overview route returns 500 when overview query fails [line 429][39m (covered 0)
      [91m✘[39m [90mapi helpers and routes exchange routes return mocked integration payloads [line 438][39m (covered 0)
      [91m✘[39m [90mapi helpers and routes exchange routes return 500 when integrations fail [line 464][39m (covered 0)
      [91m✘[39m [90mapi helpers and routes coin exchange offers route rejects invalid status [line 494][39m (covered 0)
      [91m✘[39m [90mapi helpers and routes rag query route rejects missing query body [line 502][39m (covered 0)
      [91m✘[39m [90mapi helpers and routes rag routes return success payloads and clamp topK [line 510][39m (covered 0)
      [91m✘[39m [90mapi helpers and routes rag routes return 500 when backing services fail [line 532][39m (covered 0)
      [91m✘[39m [90mapi helpers and routes rag retrieve route rejects missing query parameter [line 558][39m (covered 0)
      [91m✘[39m [90mapi helpers and routes leaderboard route returns 500 on db failure [line 566][39m (covered 0)
      [91m✘[39m [90mapi helpers and routes startApiServer listens on provided port [line 575][39m (covered 0)
      [91m✘[39m [90mapi helpers and routes startApiServer listens on default port when omitted [line 592][39m (covered 0)
    audit-log.test.ts
      [92m✓[39m [90maudit-log writes audit row and closes connection [line 9][39m (killed 8)
      [91m✘[39m [90maudit-log stores null details when omitted and still closes connection on failure [line 30][39m (covered 0)
    coin-exchange.test.ts
      [91m✘[39m [90mcoin exchange deep tests parseCoinAmount validates and rounds input [line 32][39m (covered 0)
      [91m✘[39m [90mcoin exchange deep tests getCoinWallet ensures wallet, maps numeric values, and closes connection [line 39][39m (covered 0)
      [91m✘[39m [90mcoin exchange deep tests transferCoins rejects self-transfer before opening db connection [line 69][39m (covered 0)
      [91m✘[39m [90mcoin exchange deep tests transferCoins rolls back when sender has insufficient funds [line 77][39m (covered 0)
      [91m✘[39m [90mcoin exchange deep tests transferCoins updates balances, writes transactions, commits, and audits [line 115][39m (covered 0)
      [91m✘[39m [90mcoin exchange deep tests listCoinOffers uses status-filtered and unfiltered query branches [line 168][39m (covered 0)
      [91m✘[39m [90mcoin exchange deep tests listCoinTransactions and listCoinWallets map values and enforce query branches [line 199][39m (covered 0)
      [91m✘[39m [90mcoin exchange deep tests getCoinExchangeOverview maps aggregate totals [line 225][39m (covered 0)
      [91m✘[39m [90mcoin exchange deep tests grantCoins updates wallet, writes transaction, and audits [line 249][39m (covered 0)
      [91m✘[39m [90mcoin exchange deep tests grantCoins rolls back and rethrows when update fails [line 296][39m (covered 0)
      [91m✘[39m [90mcoin exchange deep tests grantCoins stores null details when optional details are omitted [line 330][39m (covered 0)
      [91m✘[39m [90mcoin exchange deep tests createExchangeOffer validates sender and recipient are different [line 366][39m (covered 0)
      [91m✘[39m [90mcoin exchange deep tests createExchangeOffer locks funds, creates offer, and audits [line 377][39m (covered 0)
      [91m✘[39m [90mcoin exchange deep tests createExchangeOffer uses null note and default transaction details when note is omitted [line 421][39m (covered 0)
      [91m✘[39m [90mcoin exchange deep tests acceptExchangeOffer rejects non-open or wrong-recipient offers [line 463][39m (covered 0)
      [91m✘[39m [90mcoin exchange deep tests cancelExchangeOffer rejects non-sender cancellation attempts [line 505][39m (covered 0)
      [91m✘[39m [90mcoin exchange deep tests listUserOffers and listUserTransactions map rows [line 532][39m (covered 0)
      [91m✘[39m [90mcoin exchange deep tests createExchangeOffer rolls back when available balance is insufficient [line 553][39m (covered 0)
      [91m✘[39m [90mcoin exchange deep tests acceptExchangeOffer rejects when sender locked balance is insufficient [line 583][39m (covered 0)
      [91m✘[39m [90mcoin exchange deep tests acceptExchangeOffer completes success path and writes audit log [line 622][39m (covered 0)
      [91m✘[39m [90mcoin exchange deep tests acceptExchangeOffer uses fallback note when offer note is null [line 673][39m (covered 0)
      [91m✘[39m [90mcoin exchange deep tests cancelExchangeOffer rejects when offer is not open [line 702][39m (covered 0)
      [91m✘[39m [90mcoin exchange deep tests cancelExchangeOffer completes success path and writes audit log [line 728][39m (covered 0)
      [91m✘[39m [90mcoin exchange deep tests listUserTransactions uses default limit when omitted [line 771][39m (covered 0)
      [91m✘[39m [90mcoin exchange deep tests listCoinWallets, listCoinOffers, and listCoinTransactions use defaults when omitted [line 789][39m (covered 0)
    db.test.ts
      [92m✓[39m [90mdb throws when required env vars are missing [line 33][39m (killed 10)
      [92m✓[39m [90mdb uses DISCORD_GAME_DB_* values with default port 3306 [line 40][39m (killed 11)
      [92m✓[39m [90mdb falls back to DB_* values and parses DB_PORT [line 61][39m (killed 3)
      [91m✘[39m [90mdb DISCORD_GAME_DB values take precedence over DB_* fallback [line 83][39m (covered 0)
    export-data.test.ts
      [91m✘[39m [90mexport-data deep tests exportAllDataZip exports all tables and returns custom output path [line 39][39m (covered 0)
      [91m✘[39m [90mexport-data deep tests exportAllDataZip uses default path when omitted [line 65][39m (covered 0)
    games.test.ts
      [92m✓[39m [90mGames game functions use default random source when omitted [line 13][39m (killed 10)
      [91m✘[39m [90mGames blackjack includes player, dealer, and result lines [line 27][39m (covered 0)
      [92m✓[39m [90mGames blackjack draws additional cards for low totals [line 36][39m (killed 1)
      [92m✓[39m [90mGames blackjack returns push for equal final totals [line 43][39m (killed 21)
      [92m✓[39m [90mGames blackjack returns dealer wins when dealer total beats player [line 57][39m (killed 12)
      [92m✓[39m [90mGames blackjack returns dealer wins when player busts [line 72][39m (killed 10)
      [92m✓[39m [90mGames blackjack returns player wins when dealer busts [line 88][39m (killed 5)
      [92m✓[39m [90mGames blackjack correctly adjusts ace value to avoid bust [line 103][39m (killed 10)
      [92m✓[39m [90mGames blackjack includes every rank symbol when drawn [line 121][39m (killed 5)
      [92m✓[39m [90mGames blackjack keeps ace at 11 for natural 21 [line 134][39m (killed 2)
      [92m✓[39m [90mGames blackjack does not hit when player total is exactly 16 [line 149][39m (killed 1)
      [92m✓[39m [90mGames blackjack does not hit when dealer total is exactly 17 [line 161][39m (killed 1)
      [92m✓[39m [90mGames blackjack player wins by higher total when nobody busts [line 173][39m (killed 1)
      [92m✓[39m [90mGames blackjack keeps player bust when multiple aces and high cards are drawn [line 187][39m (killed 1)
      [92m✓[39m [90mGames plinko reports a path, lane, and payout [line 203][39m (killed 4)
      [92m✓[39m [90mGames plinko stays within lane bounds for extreme left and right paths [line 212][39m (killed 10)
      [92m✓[39m [90mGames plinko uses exactly six steps and maps 0.5 to right [line 222][39m (killed 4)
      [92m✓[39m [90mGames plinko mixed path validates starting position math [line 230][39m (killed 5)
      [92m✓[39m [90mGames mines returns a bounded pick and a result [line 237][39m (killed 2)
      [91m✘[39m [90mGames mines does not hang when random repeats [line 245][39m (covered 0)
      [92m✓[39m [90mGames mines safe path includes multiplier [line 251][39m (killed 30)
      [92m✓[39m [90mGames mines boom path includes boom result [line 260][39m (killed 4)
      [91m✘[39m [90mGames mines fallback placement still completes with repeated random values [line 269][39m (covered 0)
      [92m✓[39m [90mGames mines repeated random uses exactly 101 random calls total [line 275][39m (killed 1)
      [92m✓[39m [90mGames mines fallback adds expected mine tiles for tile 2 pick [line 286][39m (killed 2)
      [92m✓[39m [90mGames mines does not add a fourth mine in fallback loop [line 294][39m (killed 1)
    platform-utils.test.ts
      [92m✓[39m [90mplatform utility modules getPlatformAnalytics aggregates db counts correctly [line 37][39m (killed 6)
      [92m✓[39m [90mplatform utility modules checkFraudulentActivity returns no alerts for low activity [line 74][39m (killed 10)
      [92m✓[39m [90mplatform utility modules checkFraudulentActivity returns both alerts for high activity [line 98][39m (killed 6)
      [92m✓[39m [90mplatform utility modules checkFraudulentActivity does not alert at exact threshold values [line 124][39m (killed 2)
      [92m✓[39m [90mplatform utility modules checkFraudulentActivity handles empty aggregate rows without throwing [line 137][39m (killed 2)
      [92m✓[39m [90mplatform utility modules getChartUrl returns encoded quickchart URL [line 150][39m (killed 7)
      [92m✓[39m [90mplatform utility modules getChartUrl uses default title when omitted [line 161][39m (killed 1)
      [92m✓[39m [90mplatform utility modules getPersonalizedOffer covers tier branches [line 168][39m (killed 21)
      [92m✓[39m [90mplatform utility modules referral helpers return leaderboard and user count [line 175][39m (killed 6)
      [92m✓[39m [90mplatform utility modules getVirtualBoardData logs only when user and server are provided [line 209][39m (killed 9)
  tests/scraper.test.ts
    [92m✓[39m [90mscraper returns empty list and does not open db connection when no promo codes exist [line 19][39m (killed 3)
    [92m✓[39m [90mscraper stores and logs each scraped promo code [line 31][39m (killed 15)
    [92m✓[39m [90mgenerateSelfCode should generate a code with the correct prefix and length [line 73][39m (killed 9)
    [92m✓[39m [90mgenerateSelfCode uses defaults when prefix and length are omitted [line 79][39m (killed 1)
    [91m✘[39m [90mgenerateSelfCode uses only allowed uppercase characters after the hyphen [line 85][39m (covered 0)
    [92m✓[39m [90mgenerateSelfCode uses deterministic char index math for generated codes [line 90][39m (killed 1)

Ran 25.24 tests per mutant on average.
------------------|------------------|----------|-----------|------------|----------|----------|
                  | % Mutation score |          |           |            |          |          |
File              |  total | covered | # killed | # timeout | # survived | # no cov | # errors |
------------------|--------|---------|----------|-----------|------------|----------|----------|
All files         |[32m 100.00 [39m|[32m  100.00 [39m|      274 |        21 |          0 |        0 |        0 |
 analytics.ts     |[32m 100.00 [39m|[32m  100.00 [39m|        6 |         0 |          0 |        0 |        0 |
 antifraud.ts     |[32m 100.00 [39m|[32m  100.00 [39m|       20 |         0 |          0 |        0 |        0 |
 audit-log.ts     |[32m 100.00 [39m|[32m  100.00 [39m|        8 |         0 |          0 |        0 |        0 |
 chart.ts         |[32m 100.00 [39m|[32m  100.00 [39m|        8 |         0 |          0 |        0 |        0 |
 db.ts            |[32m 100.00 [39m|[32m  100.00 [39m|       24 |         0 |          0 |        0 |        0 |
 games.ts         |[32m 100.00 [39m|[32m  100.00 [39m|      143 |        20 |          0 |        0 |        0 |
 personalize.ts   |[32m 100.00 [39m|[32m  100.00 [39m|       21 |         0 |          0 |        0 |        0 |
 referral.ts      |[32m 100.00 [39m|[32m  100.00 [39m|        6 |         0 |          0 |        0 |        0 |
 scraper.ts       |[32m 100.00 [39m|[32m  100.00 [39m|       29 |         1 |          0 |        0 |        0 |
 virtual-board.ts |[32m 100.00 [39m|[32m  100.00 [39m|        9 |         0 |          0 |        0 |        0 |
------------------|--------|---------|----------|-----------|------------|----------|----------|
[32m01:35:28 (856182) INFO MutationTestReportHelper[39m Final mutation score of 100.00 is greater than or equal to break threshold 100
[32m01:35:28 (856182) INFO HtmlReporter[39m Your report can be found at: file:///home/cyber44/chase-the-bag-platform/reports/mutation/mutation.html
[32m01:35:28 (856182) INFO MutationTestExecutor[39m Done in 31 minutes and 3 seconds.
