[32m00:49:52 (837354) INFO ProjectReader[39m Found 10 of 152 file(s) to be mutated.
[32m00:49:52 (837354) INFO Instrumenter[39m Instrumented 10 source file(s) with 298 mutant(s)
[32m00:49:52 (837354) INFO ConcurrencyTokenProvider[39m Creating 1 test runner process(es).
[32m00:49:53 (837354) INFO BroadcastReporter[39m Detected that current console does not support the "progress" reporter, downgrading to "progress-append-only" reporter
[32m00:49:54 (837354) INFO DryRunExecutor[39m Starting initial test run (jest test runner with "off" coverage analysis). This may take a while.
[32m00:50:01 (837354) INFO DryRunExecutor[39m Initial test run succeeded. Ran 110 tests in 6 seconds (net 1705 ms, overhead 4769 ms).
Mutation testing 1% (elapsed: <1m, remaining: ~16m) 3/295 tested (0 survived, 0 timed out)
Mutation testing 2% (elapsed: <1m, remaining: ~16m) 6/295 tested (0 survived, 0 timed out)
Mutation testing 3% (elapsed: <1m, remaining: ~15m) 9/295 tested (0 survived, 0 timed out)
Mutation testing 4% (elapsed: <1m, remaining: ~14m) 13/295 tested (0 survived, 0 timed out)
Mutation testing 5% (elapsed: <1m, remaining: ~14m) 16/295 tested (0 survived, 0 timed out)
Mutation testing 6% (elapsed: ~1m, remaining: ~14m) 19/295 tested (0 survived, 0 timed out)
Mutation testing 7% (elapsed: ~1m, remaining: ~14m) 22/295 tested (0 survived, 0 timed out)
Mutation testing 8% (elapsed: ~1m, remaining: ~13m) 26/295 tested (0 survived, 0 timed out)
Mutation testing 9% (elapsed: ~1m, remaining: ~14m) 27/295 tested (0 survived, 0 timed out)
Mutation testing 9% (elapsed: ~1m, remaining: ~15m) 29/295 tested (0 survived, 0 timed out)
Mutation testing 10% (elapsed: ~1m, remaining: ~15m) 32/295 tested (0 survived, 0 timed out)
Mutation testing 11% (elapsed: ~2m, remaining: ~15m) 34/295 tested (0 survived, 0 timed out)
Mutation testing 12% (elapsed: ~2m, remaining: ~15m) 37/295 tested (0 survived, 0 timed out)
Mutation testing 13% (elapsed: ~2m, remaining: ~14m) 40/295 tested (0 survived, 0 timed out)
Mutation testing 14% (elapsed: ~2m, remaining: ~14m) 43/295 tested (0 survived, 0 timed out)
Mutation testing 15% (elapsed: ~2m, remaining: ~14m) 45/295 tested (0 survived, 0 timed out)
Mutation testing 15% (elapsed: ~2m, remaining: ~14m) 47/295 tested (0 survived, 0 timed out)
Mutation testing 16% (elapsed: ~3m, remaining: ~15m) 49/295 tested (0 survived, 0 timed out)
Mutation testing 17% (elapsed: ~3m, remaining: ~15m) 51/295 tested (0 survived, 0 timed out)
Mutation testing 17% (elapsed: ~3m, remaining: ~15m) 53/295 tested (0 survived, 0 timed out)
Mutation testing 18% (elapsed: ~3m, remaining: ~15m) 55/295 tested (0 survived, 0 timed out)
Mutation testing 19% (elapsed: ~3m, remaining: ~15m) 57/295 tested (0 survived, 0 timed out)
Mutation testing 20% (elapsed: ~3m, remaining: ~15m) 59/295 tested (0 survived, 0 timed out)
Mutation testing 20% (elapsed: ~4m, remaining: ~15m) 61/295 tested (0 survived, 0 timed out)
Mutation testing 21% (elapsed: ~4m, remaining: ~15m) 64/295 tested (0 survived, 0 timed out)
Mutation testing 22% (elapsed: ~4m, remaining: ~15m) 66/295 tested (0 survived, 0 timed out)
Mutation testing 23% (elapsed: ~4m, remaining: ~15m) 68/295 tested (0 survived, 0 timed out)
Mutation testing 23% (elapsed: ~4m, remaining: ~15m) 68/295 tested (0 survived, 0 timed out)
Mutation testing 23% (elapsed: ~4m, remaining: ~16m) 68/295 tested (0 survived, 0 timed out)
Mutation testing 23% (elapsed: ~5m, remaining: ~16m) 68/295 tested (0 survived, 0 timed out)
Mutation testing 23% (elapsed: ~5m, remaining: ~17m) 68/295 tested (0 survived, 0 timed out)
Mutation testing 24% (elapsed: ~5m, remaining: ~16m) 72/295 tested (0 survived, 1 timed out)
Mutation testing 24% (elapsed: ~5m, remaining: ~16m) 73/295 tested (0 survived, 1 timed out)
Mutation testing 24% (elapsed: ~5m, remaining: ~17m) 73/295 tested (0 survived, 1 timed out)
Mutation testing 24% (elapsed: ~5m, remaining: ~17m) 73/295 tested (0 survived, 1 timed out)
Mutation testing 24% (elapsed: ~6m, remaining: ~18m) 73/295 tested (0 survived, 1 timed out)
Mutation testing 25% (elapsed: ~6m, remaining: ~18m) 75/295 tested (0 survived, 2 timed out)
Mutation testing 26% (elapsed: ~6m, remaining: ~17m) 78/295 tested (0 survived, 2 timed out)
Mutation testing 26% (elapsed: ~6m, remaining: ~17m) 79/295 tested (0 survived, 2 timed out)
Mutation testing 26% (elapsed: ~6m, remaining: ~18m) 79/295 tested (0 survived, 2 timed out)
Mutation testing 26% (elapsed: ~6m, remaining: ~18m) 79/295 tested (0 survived, 2 timed out)
Mutation testing 26% (elapsed: ~7m, remaining: ~19m) 79/295 tested (0 survived, 2 timed out)
Mutation testing 27% (elapsed: ~7m, remaining: ~18m) 81/295 tested (0 survived, 3 timed out)
Mutation testing 28% (elapsed: ~7m, remaining: ~18m) 84/295 tested (0 survived, 3 timed out)
Mutation testing 28% (elapsed: ~7m, remaining: ~18m) 85/295 tested (0 survived, 3 timed out)
Mutation testing 28% (elapsed: ~7m, remaining: ~18m) 85/295 tested (0 survived, 3 timed out)
Mutation testing 28% (elapsed: ~7m, remaining: ~19m) 85/295 tested (0 survived, 3 timed out)
Mutation testing 28% (elapsed: ~8m, remaining: ~19m) 85/295 tested (0 survived, 3 timed out)
Mutation testing 29% (elapsed: ~8m, remaining: ~19m) 87/295 tested (0 survived, 4 timed out)
Mutation testing 30% (elapsed: ~8m, remaining: ~18m) 90/295 tested (0 survived, 4 timed out)
Mutation testing 31% (elapsed: ~8m, remaining: ~18m) 94/295 tested (0 survived, 4 timed out)
Mutation testing 32% (elapsed: ~8m, remaining: ~17m) 97/295 tested (0 survived, 4 timed out)
Mutation testing 33% (elapsed: ~8m, remaining: ~17m) 99/295 tested (0 survived, 4 timed out)
Mutation testing 33% (elapsed: ~9m, remaining: ~17m) 99/295 tested (0 survived, 4 timed out)
Mutation testing 33% (elapsed: ~9m, remaining: ~18m) 99/295 tested (0 survived, 4 timed out)
Mutation testing 33% (elapsed: ~9m, remaining: ~18m) 99/295 tested (0 survived, 4 timed out)
Mutation testing 33% (elapsed: ~9m, remaining: ~18m) 100/295 tested (0 survived, 5 timed out)
Mutation testing 33% (elapsed: ~9m, remaining: ~18m) 100/295 tested (0 survived, 5 timed out)
Mutation testing 33% (elapsed: ~9m, remaining: ~19m) 100/295 tested (0 survived, 5 timed out)
Mutation testing 33% (elapsed: ~10m, remaining: ~19m) 100/295 tested (0 survived, 5 timed out)
Mutation testing 33% (elapsed: ~10m, remaining: ~19m) 100/295 tested (0 survived, 5 timed out)
Mutation testing 34% (elapsed: ~10m, remaining: ~19m) 101/295 tested (0 survived, 6 timed out)
Mutation testing 34% (elapsed: ~10m, remaining: ~20m) 101/295 tested (0 survived, 6 timed out)
Mutation testing 34% (elapsed: ~10m, remaining: ~20m) 101/295 tested (0 survived, 6 timed out)
Mutation testing 34% (elapsed: ~10m, remaining: ~20m) 101/295 tested (0 survived, 6 timed out)
Mutation testing 34% (elapsed: ~11m, remaining: ~20m) 102/295 tested (0 survived, 7 timed out)
Mutation testing 34% (elapsed: ~11m, remaining: ~21m) 102/295 tested (0 survived, 7 timed out)
Mutation testing 34% (elapsed: ~11m, remaining: ~21m) 102/295 tested (0 survived, 7 timed out)
Mutation testing 34% (elapsed: ~11m, remaining: ~21m) 102/295 tested (0 survived, 7 timed out)
Mutation testing 34% (elapsed: ~11m, remaining: ~21m) 103/295 tested (0 survived, 8 timed out)
Mutation testing 35% (elapsed: ~11m, remaining: ~21m) 106/295 tested (0 survived, 8 timed out)
Mutation testing 36% (elapsed: ~12m, remaining: ~20m) 109/295 tested (0 survived, 8 timed out)
Mutation testing 37% (elapsed: ~12m, remaining: ~20m) 111/295 tested (0 survived, 8 timed out)
Mutation testing 37% (elapsed: ~12m, remaining: ~20m) 111/295 tested (0 survived, 8 timed out)
Mutation testing 37% (elapsed: ~12m, remaining: ~20m) 111/295 tested (0 survived, 8 timed out)
Mutation testing 37% (elapsed: ~12m, remaining: ~20m) 111/295 tested (0 survived, 8 timed out)
Mutation testing 37% (elapsed: ~12m, remaining: ~20m) 112/295 tested (0 survived, 9 timed out)
Mutation testing 39% (elapsed: ~13m, remaining: ~20m) 116/295 tested (0 survived, 9 timed out)
Mutation testing 39% (elapsed: ~13m, remaining: ~20m) 117/295 tested (0 survived, 9 timed out)
Mutation testing 39% (elapsed: ~13m, remaining: ~20m) 117/295 tested (0 survived, 9 timed out)
Mutation testing 39% (elapsed: ~13m, remaining: ~20m) 117/295 tested (0 survived, 9 timed out)
Mutation testing 39% (elapsed: ~13m, remaining: ~20m) 117/295 tested (0 survived, 9 timed out)
Mutation testing 40% (elapsed: ~13m, remaining: ~20m) 119/295 tested (0 survived, 10 timed out)
Mutation testing 41% (elapsed: ~14m, remaining: ~19m) 122/295 tested (0 survived, 10 timed out)
Mutation testing 42% (elapsed: ~14m, remaining: ~19m) 125/295 tested (0 survived, 10 timed out)
Mutation testing 43% (elapsed: ~14m, remaining: ~18m) 128/295 tested (0 survived, 10 timed out)
[33m01:04:25 (837354) WARN ChildProcessTestRunnerProxy[39m An unexpected error occurred during test runner disposal. This might be worth looking into. Stryker will ignore this error. StrykerError: Error: ENOENT (chdir) Error: ENOENT: no such file or directory, chdir '/home/cyber44/chase-the-bag-platform' -> '/home/cyber44/chase-the-bag-platform/.stryker-sandbox-tmp/sandbox-BvNadt'
    at wrappedChdir (node:internal/bootstrap/switches/does_own_process_state:128:14)
    at process.chdir (node:internal/worker:113:5)
    at ChildProcessProxyWorker.handleInit (file:///home/cyber44/chase-the-bag-platform/node_modules/@stryker-mutator/core/dist/src/child-proxy/child-process-proxy-worker.js:72:25)
    at ChildProcess.<anonymous> (file:///home/cyber44/chase-the-bag-platform/node_modules/@stryker-mutator/core/dist/src/child-proxy/child-process-proxy.js:132:39)
    at ChildProcess.emit (node:events:519:28)
    at emit (node:internal/child_process:949:14)
    at process.processTicksAndRejections (node:internal/process/task_queues:90:21) {
  innerError: undefined
}
[91m01:04:26 (837354) ERROR Stryker[39m Unexpected error occurred while running Stryker StrykerError: Error: ENOENT (chdir) Error: ENOENT: no such file or directory, chdir '/home/cyber44/chase-the-bag-platform' -> '/home/cyber44/chase-the-bag-platform/.stryker-sandbox-tmp/sandbox-BvNadt'
    at wrappedChdir (node:internal/bootstrap/switches/does_own_process_state:128:14)
    at process.chdir (node:internal/worker:113:5)
    at ChildProcessProxyWorker.handleInit (file:///home/cyber44/chase-the-bag-platform/node_modules/@stryker-mutator/core/dist/src/child-proxy/child-process-proxy-worker.js:72:25)
    at ChildProcess.<anonymous> (file:///home/cyber44/chase-the-bag-platform/node_modules/@stryker-mutator/core/dist/src/child-proxy/child-process-proxy.js:132:39)
    at ChildProcess.emit (node:events:519:28)
    at emit (node:internal/child_process:949:14)
    at process.processTicksAndRejections (node:internal/process/task_queues:90:21) {
  innerError: undefined
}
[32m01:04:26 (837354) INFO Stryker[39m This might be a known problem with a solution documented in our troubleshooting guide.
[32m01:04:26 (837354) INFO Stryker[39m You can find it at https://stryker-mutator.io/docs/stryker-js/troubleshooting/
[32m01:04:26 (837354) INFO Stryker[39m Still having trouble figuring out what went wrong? Try `npx stryker run --fileLogLevel trace --logLevel debug` to get some more info.
[33m01:04:26 (837354) WARN ChildProcessTestRunnerProxy[39m An unexpected error occurred during test runner disposal. This might be worth looking into. Stryker will ignore this error. StrykerError: Error: ENOENT (chdir) Error: ENOENT: no such file or directory, chdir '/home/cyber44/chase-the-bag-platform' -> '/home/cyber44/chase-the-bag-platform/.stryker-sandbox-tmp/sandbox-BvNadt'
    at wrappedChdir (node:internal/bootstrap/switches/does_own_process_state:128:14)
    at process.chdir (node:internal/worker:113:5)
    at ChildProcessProxyWorker.handleInit (file:///home/cyber44/chase-the-bag-platform/node_modules/@stryker-mutator/core/dist/src/child-proxy/child-process-proxy-worker.js:72:25)
    at ChildProcess.<anonymous> (file:///home/cyber44/chase-the-bag-platform/node_modules/@stryker-mutator/core/dist/src/child-proxy/child-process-proxy.js:132:39)
    at ChildProcess.emit (node:events:519:28)
    at emit (node:internal/child_process:949:14)
    at process.processTicksAndRejections (node:internal/process/task_queues:90:21) {
  innerError: undefined
}
[33m01:04:27 (837354) WARN ChildProcessTestRunnerProxy[39m An unexpected error occurred during test runner disposal. This might be worth looking into. Stryker will ignore this error. StrykerError: Error: ENOENT (chdir) Error: ENOENT: no such file or directory, chdir '/home/cyber44/chase-the-bag-platform' -> '/home/cyber44/chase-the-bag-platform/.stryker-sandbox-tmp/sandbox-BvNadt'
    at wrappedChdir (node:internal/bootstrap/switches/does_own_process_state:128:14)
    at process.chdir (node:internal/worker:113:5)
    at ChildProcessProxyWorker.handleInit (file:///home/cyber44/chase-the-bag-platform/node_modules/@stryker-mutator/core/dist/src/child-proxy/child-process-proxy-worker.js:72:25)
    at ChildProcess.<anonymous> (file:///home/cyber44/chase-the-bag-platform/node_modules/@stryker-mutator/core/dist/src/child-proxy/child-process-proxy.js:132:39)
    at ChildProcess.emit (node:events:519:28)
    at emit (node:internal/child_process:949:14)
    at process.processTicksAndRejections (node:internal/process/task_queues:90:21) {
  innerError: undefined
}
